<?xml version="1.0" encoding="UTF-8"?>
<testsuite xmlns:xsi="http://www.w3.org/2001/XMLSchema-instance" xsi:noNamespaceSchemaLocation="https://maven.apache.org/surefire/maven-surefire-plugin/xsd/surefire-test-report.xsd" version="3.0.2" name="TestSuite" time="13.741" tests="1" errors="0" skipped="0" failures="0">
  <properties>
[...]
</properties>
  <testcase name="runScenario[&quot;Search for iPhone 16&quot;, &quot;Flipkart product search&quot;](1)" classname="com.playwright.learn.runners.CucumberTestRunner" time="12.488">
    <system-out><![CDATA[
Scenario: Search for iPhone 16                     # src/test/resources/features/flipkart_search.feature:6
  Given I launch the Flipkart website              # com.playwright.learn.steps.FlipkartSearchSteps.iLaunchTheFlipkartWebsite()
  When I search for "iPhone 16"                    # com.playwright.learn.steps.FlipkartSearchSteps.iSearchFor(java.lang.String)
  Then I should see search results for "iPhone 16" # com.playwright.learn.steps.FlipkartSearchSteps.iShouldSeeSearchResultsFor(java.lang.String)
]]></system-out>
    <system-err><![CDATA[SLF4J: Failed to load class "org.slf4j.impl.StaticLoggerBinder".
SLF4J: Defaulting to no-operation (NOP) logger implementation
SLF4J: See http://www.slf4j.org/codes.html#StaticLoggerBinder for further details.
]]></system-err>
  </testcase>
</testsuite>